<?xml version="1.0" encoding="UTF-8"?>
<!-- Generated by org.testng.reporters.JUnitReportReporter -->
<testsuite skipped="1" hostname="DESKTOP-70HCGNO" name="com.example.Testcases.TC_Login_001" tests="5" failures="0" timestamp="07 Dec 2020 17:42:12 GMT" time="7.017" errors="0">
  <testcase name="loginTest" time="7.010" classname="com.example.Testcases.TC_Login_001"/>
  <testcase name="testCase3" time="0.002" classname="com.example.Testcases.TC_Login_001"/>
  <testcase name="testCase2" time="0.003" classname="com.example.Testcases.TC_Login_001"/>
  <testcase name="testCase4" time="0.002" classname="com.example.Testcases.TC_Login_001"/>
  <testcase name="testCase5" classname="com.example.Testcases.TC_Login_001">
    <skipped/>
  </testcase> <!-- testCase5 -->
</testsuite> <!-- com.example.Testcases.TC_Login_001 -->
