<?xml version="1.0" encoding="UTF-8"?>
<!-- Generated by org.testng.reporters.JUnitReportReporter -->
<testsuite skipped="1" hostname="DESKTOP-70HCGNO" name="com.example.Testcases.TC_Login_001" tests="5" failures="0" timestamp="08 Dec 2020 17:51:37 GMT" time="11.338" errors="0">
  <testcase name="testCase2" time="0.001" classname="com.example.Testcases.TC_Login_001"/>
  <testcase name="loginTest" time="11.336" classname="com.example.Testcases.TC_Login_001"/>
  <testcase name="testCase3" time="0.001" classname="com.example.Testcases.TC_Login_001"/>
  <testcase name="testCase4" time="0.000" classname="com.example.Testcases.TC_Login_001"/>
  <testcase name="testCase5" classname="com.example.Testcases.TC_Login_001">
    <skipped/>
  </testcase> <!-- testCase5 -->
</testsuite> <!-- com.example.Testcases.TC_Login_001 -->
